#
# A fatal error has been detected by the Java Runtime Environment:
#
#  EXCEPTION_ACCESS_VIOLATION (0xc0000005) at pc=0x000000005f9c2c94, pid=6480, tid=0x0000000000002154
#
# JRE version: Java(TM) SE Runtime Environment (8.0_291-b10) (build 1.8.0_291-b10)
# Java VM: Java HotSpot(TM) 64-Bit Server VM (25.291-b10 mixed mode windows-amd64 compressed oops)
# Problematic frame:
# V  [jvm.dll+0x112c94]
#
# Failed to write core dump. Minidumps are not enabled by default on client versions of Windows
#
# If you would like to submit a bug report, please visit:
#   http://bugreport.java.com/bugreport/crash.jsp
#

---------------  T H R E A D  ---------------

Current thread (0x000002078abf9800):  GCTaskThread [stack: 0x000000301fb00000,0x000000301fc00000] [id=8532]

siginfo: ExceptionCode=0xc0000005, reading address 0xffffffffffffffff

Registers:
RAX=0x000002079bb90000, RBX=0x0000000000000040, RCX=0x0000000000000000, RDX=0x0000000000000008
RSP=0x000000301fbff800, RBP=0x000002078abfa250, RSI=0x0000000000000001, RDI=0x00000000c14f6f90
R8 =0x007fffffff9fa000, R9 =0x00000001001a58c0, R10=0x0000000000000010, R11=0x000000301fbff820
R12=0x0000000000000000, R13=0x00000001001a5ac0, R14=0x00000001001a5ab8, R15=0x0000000000000002
RIP=0x000000005f9c2c94, EFLAGS=0x0000000000010202

Top of Stack: (sp=0x000000301fbff800)
0x000000301fbff800:   0000012b00011677 000002078abf9b80
0x000000301fbff810:   000002078abf1e40 000000005feca4f8
0x000000301fbff820:   000000005feca4f8 000002078abf9b90
0x000000301fbff830:   0000000000000003 00000207a0300090
0x000000301fbff840:   0000000000000000 000000005fc77147
0x000000301fbff850:   000002078abf9b80 000002078abf1e40
0x000000301fbff860:   00000000c14f6f80 000002078abfa250
0x000000301fbff870:   00000000c0dd17b8 000000000001fe00
0x000000301fbff880:   00000207a0300090 000000005fc74d79
0x000000301fbff890:   000002073d98443e 000002078abf9800
0x000000301fbff8a0:   0000000000000001 00000000c14f6f80
0x000000301fbff8b0:   000002078abf9800 000002078abf1bc0
0x000000301fbff8c0:   000002078abf54c0 000002078abf54d0
0x000000301fbff8d0:   000002078abf55a8 00000000000000d8
0x000000301fbff8e0:   000000301fbff8e8 000002078abf9800
0x000000301fbff8f0:   000002078abf1bc0 000002078abf54c0 

Instructions: (pc=0x000000005f9c2c94)
0x000000005f9c2c74:   05 67 53 6d 00 49 c1 e8 03 49 d3 e8 41 0f b6 c0
0x000000005f9c2c84:   49 c1 e8 06 24 3f 0f b6 d0 48 8b 05 7c 53 6d 00
0x000000005f9c2c94:   4a 8b 0c c0 48 0f a3 d1 72 27 48 8b cb e8 5a f7
0x000000005f9c2ca4:   ff ff 84 c0 74 1b 48 8b d3 48 8b cd e8 0b 81 00 


Register to memory mapping:

RAX=0x000002079bb90000 is an unknown value
RBX=0x0000000000000040 is an unknown value
RCX=0x0000000000000000 is an unknown value
RDX=0x0000000000000008 is an unknown value
RSP=0x000000301fbff800 is an unknown value
RBP=0x000002078abfa250 is an unknown value
RSI=0x0000000000000001 is an unknown value
RDI=0x00000000c14f6f90 is pointing into object: 0x00000000c14f6f80
org.apache.logging.log4j.core.async.AsyncLoggerConfigDisruptor$Log4jEventWrapper 
 - klass: 'org/apache/logging/log4j/core/async/AsyncLoggerConfigDisruptor$Log4jEventWrapper'
R8 =0x007fffffff9fa000 is an unknown value
R9 =0x00000001001a58c0 is pointing into metadata
R10=0x0000000000000010 is an unknown value
R11=0x000000301fbff820 is an unknown value
R12=0x0000000000000000 is an unknown value
R13=0x00000001001a5ac0 is pointing into metadata
R14=0x00000001001a5ab8 is pointing into metadata
R15=0x0000000000000002 is an unknown value


Stack: [0x000000301fb00000,0x000000301fc00000],  sp=0x000000301fbff800,  free space=1022k
Native frames: (J=compiled Java code, j=interpreted, Vv=VM code, C=native code)
V  [jvm.dll+0x112c94]
V  [jvm.dll+0x3c7147]
V  [jvm.dll+0x3c4d79]
V  [jvm.dll+0x29210c]
C  [ucrtbase.dll+0x21bb2]
C  [KERNEL32.DLL+0x17034]
C  [ntdll.dll+0x52651]


---------------  P R O C E S S  ---------------

Java Threads: ( => current thread )
  0x00000207a1af1800 JavaThread "container-0" [_thread_blocked, id=11468, stack(0x0000003020d00000,0x0000003020e00000)]
  0x00000207a1af0800 JavaThread "Catalina-utility-2" [_thread_blocked, id=8596, stack(0x0000003020a00000,0x0000003020b00000)]
  0x00000207a1ae7800 JavaThread "Catalina-utility-1" [_thread_blocked, id=6180, stack(0x0000003020900000,0x0000003020a00000)]
  0x00000207a06c1800 JavaThread "Log4j2-TF-7-AsyncLoggerConfig-4" daemon [_thread_blocked, id=468, stack(0x0000003020c00000,0x0000003020d00000)]
  0x00000207a06c1000 JavaThread "Log4j2-TF-6-Scheduled-3" daemon [_thread_blocked, id=11696, stack(0x0000003020b00000,0x0000003020c00000)]
  0x00000207a0169800 JavaThread "RMI TCP Accept-0" daemon [_thread_in_native, id=11328, stack(0x0000003020700000,0x0000003020800000)]
  0x00000207a015f000 JavaThread "RMI TCP Accept-56231" daemon [_thread_in_native, id=11504, stack(0x0000003020600000,0x0000003020700000)]
  0x000002079fd20000 JavaThread "RMI TCP Accept-0" daemon [_thread_in_native, id=2972, stack(0x0000003020500000,0x0000003020600000)]
  0x000002079edfd800 JavaThread "Service Thread" daemon [_thread_blocked, id=7020, stack(0x0000003020400000,0x0000003020500000)]
  0x000002079ed92000 JavaThread "C1 CompilerThread2" daemon [_thread_blocked, id=7116, stack(0x0000003020300000,0x0000003020400000)]
  0x000002079ed8c000 JavaThread "C2 CompilerThread1" daemon [_thread_blocked, id=7736, stack(0x0000003020200000,0x0000003020300000)]
  0x000002079ed82800 JavaThread "C2 CompilerThread0" daemon [_thread_blocked, id=10760, stack(0x0000003020100000,0x0000003020200000)]
  0x000002079ed81800 JavaThread "Attach Listener" daemon [_thread_blocked, id=5316, stack(0x0000003020000000,0x0000003020100000)]
  0x000002079ed81000 JavaThread "Signal Dispatcher" daemon [_thread_blocked, id=9060, stack(0x000000301ff00000,0x0000003020000000)]
  0x000002079ed5d000 JavaThread "Finalizer" daemon [_thread_blocked, id=8312, stack(0x000000301fe00000,0x000000301ff00000)]
  0x000002079ed56000 JavaThread "Reference Handler" daemon [_thread_blocked, id=6152, stack(0x000000301fd00000,0x000000301fe00000)]
  0x000002078abde000 JavaThread "main" [_thread_blocked, id=12212, stack(0x000000301f700000,0x000000301f800000)]

Other Threads:
  0x000002079ed32800 VMThread [stack: 0x000000301fc00000,0x000000301fd00000] [id=3156]
  0x00000207a0175000 WatcherThread [stack: 0x0000003020800000,0x0000003020900000] [id=10668]

=>0x000002078abf9800 (exited) GCTaskThread [stack: 0x000000301fb00000,0x000000301fc00000] [id=8532]

VM state:at safepoint (normal execution)

VM Mutex/Monitor currently owned by a thread:  ([mutex/lock_event])
[0x000002078abdc420] Threads_lock - owner thread: 0x000002079ed32800
[0x000002078abdbaa0] Heap_lock - owner thread: 0x000002078abde000

heap address: 0x00000000c0c00000, size: 1012 MB, Compressed Oops mode: 32-bit
Narrow klass base: 0x0000000000000000, Narrow klass shift: 3
Compressed class space size: 1073741824 Address: 0x0000000100000000

Heap:
 PSYoungGen      total 101888K, used 7314K [0x00000000eaf00000, 0x00000000f3080000, 0x0000000100000000)
  eden space 86528K, 0% used [0x00000000eaf00000,0x00000000eaf00000,0x00000000f0380000)
  from space 15360K, 47% used [0x00000000f0380000,0x00000000f0aa4be8,0x00000000f1280000)
  to   space 14336K, 0% used [0x00000000f2280000,0x00000000f2280000,0x00000000f3080000)
 ParOldGen       total 56320K, used 17487K [0x00000000c0c00000, 0x00000000c4300000, 0x00000000eaf00000)
  object space 56320K, 31% used [0x00000000c0c00000,0x00000000c1d13fc8,0x00000000c4300000)
 Metaspace       used 33514K, capacity 35334K, committed 35456K, reserved 1079296K
  class space    used 4546K, capacity 4908K, committed 4992K, reserved 1048576K

Card table byte_map: [0x000002079b830000,0x000002079ba30000] byte_map_base: 0x000002079b22a000

Marking Bits: (ParMarkBitMap*) 0x0000000060097fe0
 Begin Bits: [0x000002079bb90000, 0x000002079cb60000)
 End Bits:   [0x000002079cb60000, 0x000002079db30000)

Polling page: 0x000002078ab50000

CodeCache: size=245760Kb used=5879Kb max_used=5879Kb free=239880Kb
 bounds [0x000002078c470000, 0x000002078ca30000, 0x000002079b470000]
 total_blobs=3361 nmethods=2885 adapters=387
 compilation: enabled

Compilation events (10 events):
Event: 6.089 Thread 0x000002079ed92000 2880       1       java.util.Collections$UnmodifiableCollection::toArray (10 bytes)
Event: 6.089 Thread 0x000002079ed92000 nmethod 2880 0x000002078ca29a90 code [0x000002078ca29be0, 0x000002078ca29d30]
Event: 6.089 Thread 0x000002079ed92000 2881       1       java.util.zip.ZipEntry::isDirectory (10 bytes)
Event: 6.089 Thread 0x000002079ed92000 nmethod 2881 0x000002078ca29d90 code [0x000002078ca29f00, 0x000002078ca2a070]
Event: 6.089 Thread 0x000002079ed92000 2884       1       java.util.regex.Pattern::closure (477 bytes)
Event: 6.093 Thread 0x000002079ed92000 nmethod 2884 0x000002078ca2a3d0 code [0x000002078ca2a700, 0x000002078ca2bc50]
Event: 6.093 Thread 0x000002079ed92000 2883       1       java.util.regex.Pattern::append (39 bytes)
Event: 6.093 Thread 0x000002079ed92000 nmethod 2883 0x000002078ca2cfd0 code [0x000002078ca2d140, 0x000002078ca2d3f0]
Event: 6.095 Thread 0x000002079ed92000 2885       1       sun.security.ssl.CipherSuite::<init> (107 bytes)
Event: 6.096 Thread 0x000002079ed92000 nmethod 2885 0x000002078ca2d550 code [0x000002078ca2d6e0, 0x000002078ca2dbf0]

GC Heap History (10 events):
Event: 3.293 GC heap after
Heap after GC invocations=6 (full 0):
 PSYoungGen      total 79872K, used 5187K [0x00000000eaf00000, 0x00000000f0c00000, 0x0000000100000000)
  eden space 65536K, 0% used [0x00000000eaf00000,0x00000000eaf00000,0x00000000eef00000)
  from space 14336K, 36% used [0x00000000efe00000,0x00000000f0310f70,0x00000000f0c00000)
  to   space 14848K, 0% used [0x00000000eef00000,0x00000000eef00000,0x00000000efd80000)
 ParOldGen       total 44032K, used 23298K [0x00000000c0c00000, 0x00000000c3700000, 0x00000000eaf00000)
  object space 44032K, 52% used [0x00000000c0c00000,0x00000000c22c0b60,0x00000000c3700000)
 Metaspace       used 20440K, capacity 21210K, committed 21296K, reserved 1067008K
  class space    used 2749K, capacity 2932K, committed 2944K, reserved 1048576K
}
Event: 3.293 GC heap before
{Heap before GC invocations=7 (full 1):
 PSYoungGen      total 79872K, used 5187K [0x00000000eaf00000, 0x00000000f0c00000, 0x0000000100000000)
  eden space 65536K, 0% used [0x00000000eaf00000,0x00000000eaf00000,0x00000000eef00000)
  from space 14336K, 36% used [0x00000000efe00000,0x00000000f0310f70,0x00000000f0c00000)
  to   space 14848K, 0% used [0x00000000eef00000,0x00000000eef00000,0x00000000efd80000)
 ParOldGen       total 44032K, used 23298K [0x00000000c0c00000, 0x00000000c3700000, 0x00000000eaf00000)
  object space 44032K, 52% used [0x00000000c0c00000,0x00000000c22c0b60,0x00000000c3700000)
 Metaspace       used 20440K, capacity 21210K, committed 21296K, reserved 1067008K
  class space    used 2749K, capacity 2932K, committed 2944K, reserved 1048576K
Event: 3.506 GC heap after
Heap after GC invocations=7 (full 1):
 PSYoungGen      total 79872K, used 0K [0x00000000eaf00000, 0x00000000f0c00000, 0x0000000100000000)
  eden space 65536K, 0% used [0x00000000eaf00000,0x00000000eaf00000,0x00000000eef00000)
  from space 14336K, 0% used [0x00000000efe00000,0x00000000efe00000,0x00000000f0c00000)
  to   space 14848K, 0% used [0x00000000eef00000,0x00000000eef00000,0x00000000efd80000)
 ParOldGen       total 56320K, used 17463K [0x00000000c0c00000, 0x00000000c4300000, 0x00000000eaf00000)
  object space 56320K, 31% used [0x00000000c0c00000,0x00000000c1d0dfc8,0x00000000c4300000)
 Metaspace       used 20440K, capacity 21210K, committed 21296K, reserved 1067008K
  class space    used 2749K, capacity 2932K, committed 2944K, reserved 1048576K
}
Event: 4.432 GC heap before
{Heap before GC invocations=8 (full 1):
 PSYoungGen      total 79872K, used 65536K [0x00000000eaf00000, 0x00000000f0c00000, 0x0000000100000000)
  eden space 65536K, 100% used [0x00000000eaf00000,0x00000000eef00000,0x00000000eef00000)
  from space 14336K, 0% used [0x00000000efe00000,0x00000000efe00000,0x00000000f0c00000)
  to   space 14848K, 0% used [0x00000000eef00000,0x00000000eef00000,0x00000000efd80000)
 ParOldGen       total 56320K, used 17463K [0x00000000c0c00000, 0x00000000c4300000, 0x00000000eaf00000)
  object space 56320K, 31% used [0x00000000c0c00000,0x00000000c1d0dfc8,0x00000000c4300000)
 Metaspace       used 26222K, capacity 27382K, committed 27520K, reserved 1073152K
  class space    used 3585K, capacity 3878K, committed 3968K, reserved 1048576K
Event: 4.444 GC heap after
Heap after GC invocations=8 (full 1):
 PSYoungGen      total 80384K, used 8567K [0x00000000eaf00000, 0x00000000f2080000, 0x0000000100000000)
  eden space 65536K, 0% used [0x00000000eaf00000,0x00000000eaf00000,0x00000000eef00000)
  from space 14848K, 57% used [0x00000000eef00000,0x00000000ef75df20,0x00000000efd80000)
  to   space 14336K, 0% used [0x00000000f1280000,0x00000000f1280000,0x00000000f2080000)
 ParOldGen       total 56320K, used 17471K [0x00000000c0c00000, 0x00000000c4300000, 0x00000000eaf00000)
  object space 56320K, 31% used [0x00000000c0c00000,0x00000000c1d0ffc8,0x00000000c4300000)
 Metaspace       used 26222K, capacity 27382K, committed 27520K, reserved 1073152K
  class space    used 3585K, capacity 3878K, committed 3968K, reserved 1048576K
}
Event: 5.711 GC heap before
{Heap before GC invocations=9 (full 1):
 PSYoungGen      total 80384K, used 74103K [0x00000000eaf00000, 0x00000000f2080000, 0x0000000100000000)
  eden space 65536K, 100% used [0x00000000eaf00000,0x00000000eef00000,0x00000000eef00000)
  from space 14848K, 57% used [0x00000000eef00000,0x00000000ef75df20,0x00000000efd80000)
  to   space 14336K, 0% used [0x00000000f1280000,0x00000000f1280000,0x00000000f2080000)
 ParOldGen       total 56320K, used 17471K [0x00000000c0c00000, 0x00000000c4300000, 0x00000000eaf00000)
  object space 56320K, 31% used [0x00000000c0c00000,0x00000000c1d0ffc8,0x00000000c4300000)
 Metaspace       used 33118K, capacity 34932K, committed 35072K, reserved 1079296K
  class space    used 4491K, capacity 4841K, committed 4864K, reserved 1048576K
Event: 5.739 GC heap after
Heap after GC invocations=9 (full 1):
 PSYoungGen      total 100864K, used 10835K [0x00000000eaf00000, 0x00000000f2180000, 0x0000000100000000)
  eden space 86528K, 0% used [0x00000000eaf00000,0x00000000eaf00000,0x00000000f0380000)
  from space 14336K, 75% used [0x00000000f1280000,0x00000000f1d14e20,0x00000000f2080000)
  to   space 15360K, 0% used [0x00000000f0380000,0x00000000f0380000,0x00000000f1280000)
 ParOldGen       total 56320K, used 17479K [0x00000000c0c00000, 0x00000000c4300000, 0x00000000eaf00000)
  object space 56320K, 31% used [0x00000000c0c00000,0x00000000c1d11fc8,0x00000000c4300000)
 Metaspace       used 33118K, capacity 34932K, committed 35072K, reserved 1079296K
  class space    used 4491K, capacity 4841K, committed 4864K, reserved 1048576K
}
Event: 6.103 GC heap before
{Heap before GC invocations=10 (full 1):
 PSYoungGen      total 100864K, used 18175K [0x00000000eaf00000, 0x00000000f2180000, 0x0000000100000000)
  eden space 86528K, 8% used [0x00000000eaf00000,0x00000000eb62ae68,0x00000000f0380000)
  from space 14336K, 75% used [0x00000000f1280000,0x00000000f1d14e20,0x00000000f2080000)
  to   space 15360K, 0% used [0x00000000f0380000,0x00000000f0380000,0x00000000f1280000)
 ParOldGen       total 56320K, used 17479K [0x00000000c0c00000, 0x00000000c4300000, 0x00000000eaf00000)
  object space 56320K, 31% used [0x00000000c0c00000,0x00000000c1d11fc8,0x00000000c4300000)
 Metaspace       used 33514K, capacity 35334K, committed 35456K, reserved 1079296K
  class space    used 4546K, capacity 4908K, committed 4992K, reserved 1048576K
Event: 6.117 GC heap after
Heap after GC invocations=10 (full 1):
 PSYoungGen      total 101888K, used 7314K [0x00000000eaf00000, 0x00000000f3080000, 0x0000000100000000)
  eden space 86528K, 0% used [0x00000000eaf00000,0x00000000eaf00000,0x00000000f0380000)
  from space 15360K, 47% used [0x00000000f0380000,0x00000000f0aa4be8,0x00000000f1280000)
  to   space 14336K, 0% used [0x00000000f2280000,0x00000000f2280000,0x00000000f3080000)
 ParOldGen       total 56320K, used 17487K [0x00000000c0c00000, 0x00000000c4300000, 0x00000000eaf00000)
  object space 56320K, 31% used [0x00000000c0c00000,0x00000000c1d13fc8,0x00000000c4300000)
 Metaspace       used 33514K, capacity 35334K, committed 35456K, reserved 1079296K
  class space    used 4546K, capacity 4908K, committed 4992K, reserved 1048576K
}
Event: 6.118 GC heap before
{Heap before GC invocations=11 (full 2):
 PSYoungGen      total 101888K, used 7314K [0x00000000eaf00000, 0x00000000f3080000, 0x0000000100000000)
  eden space 86528K, 0% used [0x00000000eaf00000,0x00000000eaf00000,0x00000000f0380000)
  from space 15360K, 47% used [0x00000000f0380000,0x00000000f0aa4be8,0x00000000f1280000)
  to   space 14336K, 0% used [0x00000000f2280000,0x00000000f2280000,0x00000000f3080000)
 ParOldGen       total 56320K, used 17487K [0x00000000c0c00000, 0x00000000c4300000, 0x00000000eaf00000)
  object space 56320K, 31% used [0x00000000c0c00000,0x00000000c1d13fc8,0x00000000c4300000)
 Metaspace       used 33514K, capacity 35334K, committed 35456K, reserved 1079296K
  class space    used 4546K, capacity 4908K, committed 4992K, reserved 1048576K

Deoptimization events (0 events):
No events

Classes redefined (0 events):
No events

Internal exceptions (10 events):
Event: 4.976 Thread 0x000002078abde000 Exception <a 'java/lang/ArrayIndexOutOfBoundsException'> (0x00000000ecac8cd8) thrown at [C:\jenkins\workspace\8-2-build-windows-amd64-cygwin\jdk8u291\1294\hotspot\src\share\vm\runtime\sharedRuntime.cpp, line 609]
Event: 5.140 Thread 0x000002078abde000 Exception <a 'java/lang/NoSuchMethodError': org.slf4j.impl.StaticMarkerBinder.getSingleton()Lorg/slf4j/impl/StaticMarkerBinder;> (0x00000000ed2f4220) thrown at [C:\jenkins\workspace\8-2-build-windows-amd64-cygwin\jdk8u291\1294\hotspot\src\share\vm\interpr
Event: 5.288 Thread 0x000002078abde000 Exception <a 'java/io/FileNotFoundException'> (0x00000000eddffe30) thrown at [C:\jenkins\workspace\8-2-build-windows-amd64-cygwin\jdk8u291\1294\hotspot\src\share\vm\prims\jni.cpp, line 710]
Event: 5.546 Thread 0x000002078abde000 Exception <a 'java/io/FileNotFoundException'> (0x00000000ee9f6960) thrown at [C:\jenkins\workspace\8-2-build-windows-amd64-cygwin\jdk8u291\1294\hotspot\src\share\vm\prims\jni.cpp, line 710]
Event: 5.580 Thread 0x000002078abde000 Exception <a 'java/lang/ClassNotFoundException': java/lang/ObjectCustomizer> (0x00000000eebe3640) thrown at [C:\jenkins\workspace\8-2-build-windows-amd64-cygwin\jdk8u291\1294\hotspot\src\share\vm\classfile\systemDictionary.cpp, line 212]
Event: 5.581 Thread 0x000002078abde000 Exception <a 'java/lang/ClassNotFoundException': com/example/student/dao/StudentDaoCustomizer> (0x00000000eebf5168) thrown at [C:\jenkins\workspace\8-2-build-windows-amd64-cygwin\jdk8u291\1294\hotspot\src\share\vm\classfile\systemDictionary.cpp, line 212]
Event: 5.581 Thread 0x000002078abde000 Exception <a 'java/lang/ArrayIndexOutOfBoundsException'> (0x00000000eebf6eb0) thrown at [C:\jenkins\workspace\8-2-build-windows-amd64-cygwin\jdk8u291\1294\hotspot\src\share\vm\runtime\sharedRuntime.cpp, line 609]
Event: 5.581 Thread 0x000002078abde000 Exception <a 'java/lang/ArrayIndexOutOfBoundsException'> (0x00000000eebfa750) thrown at [C:\jenkins\workspace\8-2-build-windows-amd64-cygwin\jdk8u291\1294\hotspot\src\share\vm\runtime\sharedRuntime.cpp, line 609]
Event: 5.581 Thread 0x000002078abde000 Exception <a 'java/lang/ArrayIndexOutOfBoundsException'> (0x00000000eebfbdc8) thrown at [C:\jenkins\workspace\8-2-build-windows-amd64-cygwin\jdk8u291\1294\hotspot\src\share\vm\runtime\sharedRuntime.cpp, line 609]
Event: 5.582 Thread 0x000002078abde000 Exception <a 'java/lang/ArrayIndexOutOfBoundsException'> (0x00000000eebfd938) thrown at [C:\jenkins\workspace\8-2-build-windows-amd64-cygwin\jdk8u291\1294\hotspot\src\share\vm\runtime\sharedRuntime.cpp, line 609]

Events (10 events):
Event: 6.100 loading class sun/security/ssl/JsseJce$EcAvailability
Event: 6.100 loading class sun/security/ssl/JsseJce$EcAvailability done
Event: 6.100 loading class sun/security/ec/ECDSASignature$SHA1
Event: 6.100 loading class sun/security/ec/ECDSASignature$SHA1 done
Event: 6.101 loading class sun/security/ec/ECDSASignature
Event: 6.101 loading class sun/security/ec/ECDSASignature done
Event: 6.102 loading class sun/security/ec/ECDSASignature$Raw
Event: 6.102 loading class sun/security/ec/ECDSASignature$Raw done
Event: 6.102 loading class javax/crypto/KeyAgreement
Event: 6.103 Executing VM operation: CollectForMetadataAllocation


Dynamic libraries:
0x00007ff7ea590000 - 0x00007ff7ea5d7000 	C:\Program Files\Java\jdk1.8.0_291\bin\javaw.exe
0x00007ffcc43d0000 - 0x00007ffcc45c5000 	C:\WINDOWS\SYSTEM32\ntdll.dll
0x00007ffcc3600000 - 0x00007ffcc36bd000 	C:\WINDOWS\System32\KERNEL32.DLL
0x00007ffcc1e50000 - 0x00007ffcc2119000 	C:\WINDOWS\System32\KERNELBASE.dll
0x00007ffcc29e0000 - 0x00007ffcc2a8c000 	C:\WINDOWS\System32\ADVAPI32.dll
0x00007ffcc2440000 - 0x00007ffcc24de000 	C:\WINDOWS\System32\msvcrt.dll
0x00007ffcc3b10000 - 0x00007ffcc3bab000 	C:\WINDOWS\System32\sechost.dll
0x00007ffcc36c0000 - 0x00007ffcc37ea000 	C:\WINDOWS\System32\RPCRT4.dll
0x00007ffcc2760000 - 0x00007ffcc2900000 	C:\WINDOWS\System32\USER32.dll
0x00007ffcc2320000 - 0x00007ffcc2342000 	C:\WINDOWS\System32\win32u.dll
0x00007ffcc4350000 - 0x00007ffcc437a000 	C:\WINDOWS\System32\GDI32.dll
0x00007ffcc1c60000 - 0x00007ffcc1d6b000 	C:\WINDOWS\System32\gdi32full.dll
0x00007ffcc2280000 - 0x00007ffcc231d000 	C:\WINDOWS\System32\msvcp_win.dll
0x00007ffcc1b10000 - 0x00007ffcc1c10000 	C:\WINDOWS\System32\ucrtbase.dll
0x00007ffcaf700000 - 0x00007ffcaf99a000 	C:\WINDOWS\WinSxS\amd64_microsoft.windows.common-controls_6595b64144ccf1df_6.0.19041.1110_none_60b5254171f9507e\COMCTL32.dll
0x00007ffcc3a30000 - 0x00007ffcc3a60000 	C:\WINDOWS\System32\IMM32.DLL
0x00007ffcbe8d0000 - 0x00007ffcbe8e5000 	C:\Program Files\Java\jdk1.8.0_291\jre\bin\vcruntime140.dll
0x00007ffcb5440000 - 0x00007ffcb54db000 	C:\Program Files\Java\jdk1.8.0_291\jre\bin\msvcp140.dll
0x000000005f8b0000 - 0x0000000060110000 	C:\Program Files\Java\jdk1.8.0_291\jre\bin\server\jvm.dll
0x00007ffcc4380000 - 0x00007ffcc4388000 	C:\WINDOWS\System32\PSAPI.DLL
0x00007ffcbc520000 - 0x00007ffcbc529000 	C:\WINDOWS\SYSTEM32\WSOCK32.dll
0x00007ffcc25b0000 - 0x00007ffcc261b000 	C:\WINDOWS\System32\WS2_32.dll
0x00007ffcbb4a0000 - 0x00007ffcbb4c7000 	C:\WINDOWS\SYSTEM32\WINMM.dll
0x00007ffcc09e0000 - 0x00007ffcc09ea000 	C:\WINDOWS\SYSTEM32\VERSION.dll
0x00007ffcc0210000 - 0x00007ffcc0222000 	C:\WINDOWS\SYSTEM32\kernel.appcore.dll
0x00007ffcb4d80000 - 0x00007ffcb4d90000 	C:\Program Files\Java\jdk1.8.0_291\jre\bin\verify.dll
0x00007ffcae1a0000 - 0x00007ffcae1cb000 	C:\Program Files\Java\jdk1.8.0_291\jre\bin\java.dll
0x00007ffcac5e0000 - 0x00007ffcac5f8000 	C:\Program Files\Java\jdk1.8.0_291\jre\bin\zip.dll
0x00007ffcc2ab0000 - 0x00007ffcc31ef000 	C:\WINDOWS\System32\SHELL32.dll
0x00007ffcc0230000 - 0x00007ffcc09c1000 	C:\WINDOWS\SYSTEM32\windows.storage.dll
0x00007ffcc32a0000 - 0x00007ffcc35f5000 	C:\WINDOWS\System32\combase.dll
0x00007ffcc1580000 - 0x00007ffcc15ac000 	C:\WINDOWS\SYSTEM32\Wldp.dll
0x00007ffcc31f0000 - 0x00007ffcc329e000 	C:\WINDOWS\System32\SHCORE.dll
0x00007ffcc4280000 - 0x00007ffcc42d5000 	C:\WINDOWS\System32\shlwapi.dll
0x00007ffcc1a50000 - 0x00007ffcc1a6f000 	C:\WINDOWS\SYSTEM32\profapi.dll
0x00007ffcbd600000 - 0x00007ffcbd60d000 	C:\Program Files\Java\jdk1.8.0_291\jre\bin\management.dll
0x00007ffca9440000 - 0x00007ffca945c000 	C:\Program Files\Java\jdk1.8.0_291\jre\bin\net.dll
0x00007ffcc12e0000 - 0x00007ffcc134a000 	C:\WINDOWS\system32\mswsock.dll
0x00007ffca43f0000 - 0x00007ffca4403000 	C:\Program Files\Java\jdk1.8.0_291\jre\bin\nio.dll
0x00007ffcb5100000 - 0x00007ffcb5117000 	C:\WINDOWS\system32\napinsp.dll
0x00007ffcb50e0000 - 0x00007ffcb50fb000 	C:\WINDOWS\system32\pnrpnsp.dll
0x00007ffcba380000 - 0x00007ffcba395000 	C:\WINDOWS\system32\wshbth.dll
0x00007ffcbd4a0000 - 0x00007ffcbd4bd000 	C:\WINDOWS\system32\NLAapi.dll
0x00007ffcc0f80000 - 0x00007ffcc0fbb000 	C:\WINDOWS\SYSTEM32\IPHLPAPI.DLL
0x00007ffcc0fd0000 - 0x00007ffcc109c000 	C:\WINDOWS\SYSTEM32\DNSAPI.dll
0x00007ffcc2620000 - 0x00007ffcc2628000 	C:\WINDOWS\System32\NSI.dll
0x00007ffcb50c0000 - 0x00007ffcb50d2000 	C:\WINDOWS\System32\winrnr.dll
0x00007ffcb7ad0000 - 0x00007ffcb7ada000 	C:\Windows\System32\rasadhlp.dll
0x00007ffcb6440000 - 0x00007ffcb64bf000 	C:\WINDOWS\System32\fwpuclnt.dll
0x00007ffcc1e20000 - 0x00007ffcc1e47000 	C:\WINDOWS\System32\bcrypt.dll
0x00007ffcc14c0000 - 0x00007ffcc14d8000 	C:\WINDOWS\SYSTEM32\CRYPTSP.dll
0x00007ffcc0bb0000 - 0x00007ffcc0be4000 	C:\WINDOWS\system32\rsaenh.dll
0x00007ffcc19d0000 - 0x00007ffcc19fe000 	C:\WINDOWS\SYSTEM32\USERENV.dll
0x00007ffcc23b0000 - 0x00007ffcc2433000 	C:\WINDOWS\System32\bcryptprimitives.dll
0x00007ffcc14e0000 - 0x00007ffcc14ec000 	C:\WINDOWS\SYSTEM32\CRYPTBASE.dll
0x00007ffcb7010000 - 0x00007ffcb7027000 	C:\WINDOWS\SYSTEM32\dhcpcsvc6.DLL
0x00007ffcb7170000 - 0x00007ffcb718d000 	C:\WINDOWS\SYSTEM32\dhcpcsvc.DLL
0x00007ffcaebc0000 - 0x00007ffcaebe4000 	C:\Program Files\Java\jdk1.8.0_291\jre\bin\sunec.dll
0x00007ffcaee00000 - 0x00007ffcaefe4000 	C:\WINDOWS\SYSTEM32\dbghelp.dll

VM Arguments:
jvm_args: -Dcom.sun.management.jmxremote -Dcom.sun.management.jmxremote.port=56231 -Dcom.sun.management.jmxremote.authenticate=false -Dcom.sun.management.jmxremote.ssl=false -Djava.rmi.server.hostname=localhost -Dspring.jmx.enabled=true -Dspring.liveBeansView.mbeanDomain -Dspring.application.admin.enabled=true -Xverify:none -XX:TieredStopAtLevel=1 -Dspring.boot.project.name=StudentInfo -Dfile.encoding=UTF-8 
java_command: com.example.student.StudentInfoApplication --spring.output.ansi.enabled=always
java_class_path (initial): C:\Users\HP\git\StudentInfo\target\classes;C:\Users\HP\.m2\repository\org\springframework\boot\spring-boot-starter-thymeleaf\2.6.0-SNAPSHOT\spring-boot-starter-thymeleaf-2.6.0-SNAPSHOT.jar;C:\Users\HP\.m2\repository\org\thymeleaf\thymeleaf-spring5\3.0.12.RELEASE\thymeleaf-spring5-3.0.12.RELEASE.jar;C:\Users\HP\.m2\repository\org\thymeleaf\thymeleaf\3.0.12.RELEASE\thymeleaf-3.0.12.RELEASE.jar;C:\Users\HP\.m2\repository\org\attoparser\attoparser\2.0.5.RELEASE\attoparser-2.0.5.RELEASE.jar;C:\Users\HP\.m2\repository\org\unbescape\unbescape\1.1.6.RELEASE\unbescape-1.1.6.RELEASE.jar;C:\Users\HP\.m2\repository\org\slf4j\slf4j-api\1.7.30\slf4j-api-1.7.30.jar;C:\Users\HP\.m2\repository\org\thymeleaf\extras\thymeleaf-extras-java8time\3.0.4.RELEASE\thymeleaf-extras-java8time-3.0.4.RELEASE.jar;C:\Users\HP\.m2\repository\org\springframework\boot\spring-boot-starter-validation\2.6.0-SNAPSHOT\spring-boot-starter-validation-2.6.0-SNAPSHOT.jar;C:\Users\HP\.m2\repository\org\apache\tomcat\embed\tomcat-embed-el\9.0.48\tomcat-embed-el-9.0.48.jar;C:\Users\HP\.m2\repository\org\hibernate\validator\hibernate-validator\6.2.0.Final\hibernate-validator-6.2.0.Final.jar;C:\Users\HP\.m2\repository\jakarta\validation\jakarta.validation-api\2.0.2\jakarta.validation-api-2.0.2.jar;C:\Users\HP\.m2\repository\org\jboss\logging\jboss-logging\3.4.2.Final\jboss-logging-3.4.2.Final.jar;C:\Users\HP\.m2\repository\com\fasterxml\classmate\1.5.1\classmate-1.5.1.jar;C:\Users\HP\.m2\repository\org\springframework\boot\spring-boot-starter-web\2.6.0-SNAPSHOT\spring-boot-starter-web-2.6.0-SNAPSHOT.jar;C:\Users\HP\.m2\repository\org\springframework\boot\spring-boot-starter-json\2.6.0-SNAPSHOT\spring-boot-starter-json-2.6.0-SNAPSHOT.jar;C:\Users\HP\.m2\repository\com\fasterxml\jackson\core\jackson-databind\2.12.3\jackson-databind-2.12.3.jar;C:\Users\HP\.m2\repository\com\fasterxml\jackson\core\jackson-annotations\2.12.3\jackson-annotations-2.12.3.jar;C:\Users\HP\.m2\repository\com\faste
Launcher Type: SUN_STANDARD

Environment Variables:
JAVA_HOME=C:\Program Files\Java\jdk1.8.0_291
PATH=C:/Program Files/Java/jdk1.8.0_291/bin/../jre/bin/server;C:/Program Files/Java/jdk1.8.0_291/bin/../jre/bin;C:/Program Files/Java/jdk1.8.0_291/bin/../jre/lib/amd64;C:\Program Files\Java\jdk1.8.0_291\bin;C:\WINDOWS\system32;C:\WINDOWS;C:\WINDOWS\System32\Wbem;C:\WINDOWS\System32\WindowsPowerShell\v1.0\;C:\WINDOWS\System32\OpenSSH\;C:\Android;C:\Windows\System32;C:\Program Files\Git\cmd;C:\Users\HP\AppData\Local\Microsoft\WindowsApps;;C:\sts-bundle\sts-3.9.12.RELEASE;
USERNAME=HP
OS=Windows_NT
PROCESSOR_IDENTIFIER=Intel64 Family 6 Model 42 Stepping 7, GenuineIntel



---------------  S Y S T E M  ---------------

OS: Windows 10.0 , 64 bit Build 19041 (10.0.19041.1023)

CPU:total 4 (initial active 4) (2 cores per cpu, 2 threads per core) family 6 model 42 stepping 7, cmov, cx8, fxsr, mmx, sse, sse2, sse3, ssse3, sse4.1, sse4.2, popcnt, avx, aes, clmul, ht, tsc, tscinvbit

Memory: 4k page, physical 4140908k(636820k free), swap 6738560k(1051976k free)

vm_info: Java HotSpot(TM) 64-Bit Server VM (25.291-b10) for windows-amd64 JRE (1.8.0_291-b10), built on Apr  9 2021 00:02:00 by "java_re" with MS VC++ 15.9 (VS2017)

time: Sun Jul 25 23:06:08 2021
timezone: India Standard Time
elapsed time: 6.366650 seconds (0d 0h 0m 6s)

